2023-02-05 21:02:57.892 [INFO] org.hibernate.validator.internal.util.Version - HV000001: Hibernate Validator 6.2.5.Final
2023-02-05 21:02:57.911 [INFO] org.springframework.boot.StartupInfoLogger - Starting BackendApplication using Java 17.0.2 on Desktop with PID 21580 (C:\Users\san06\Desktop\Repository\Whiteblue\backend\build\classes\java\main started by san06 in C:\Users\san06\Desktop\Repository\Whiteblue\backend)
2023-02-05 21:02:57.914 [INFO] org.springframework.boot.SpringApplication - The following 1 profile is active: "env"
2023-02-05 21:02:58.436 [INFO] org.springframework.data.repository.config.RepositoryConfigurationDelegate - Bootstrapping Spring Data JPA repositories in DEFAULT mode.
2023-02-05 21:02:58.486 [INFO] org.springframework.data.repository.config.RepositoryConfigurationDelegate - Finished Spring Data repository scanning in 44 ms. Found 3 JPA repository interfaces.
2023-02-05 21:02:59.011 [INFO] org.springframework.boot.web.embedded.tomcat.TomcatWebServer - Tomcat initialized with port(s): 8000 (http)
2023-02-05 21:02:59.022 [INFO] org.apache.juli.logging.DirectJDKLog - Initializing ProtocolHandler ["http-nio-8000"]
2023-02-05 21:02:59.022 [INFO] org.apache.juli.logging.DirectJDKLog - Starting service [Tomcat]
2023-02-05 21:02:59.022 [INFO] org.apache.juli.logging.DirectJDKLog - Starting Servlet engine: [Apache Tomcat/9.0.68]
2023-02-05 21:02:59.112 [INFO] org.apache.juli.logging.DirectJDKLog - Initializing Spring embedded WebApplicationContext
2023-02-05 21:02:59.112 [INFO] org.springframework.boot.web.servlet.context.ServletWebServerApplicationContext - Root WebApplicationContext: initialization completed in 1167 ms
2023-02-05 21:02:59.218 [INFO] org.hibernate.jpa.internal.util.LogHelper - HHH000204: Processing PersistenceUnitInfo [name: default]
2023-02-05 21:02:59.244 [INFO] org.hibernate.Version - HHH000412: Hibernate ORM core version 5.6.12.Final
2023-02-05 21:02:59.321 [INFO] org.hibernate.annotations.common.reflection.java.JavaReflectionManager - HCANN000001: Hibernate Commons Annotations {5.1.2.Final}
2023-02-05 21:02:59.381 [INFO] com.zaxxer.hikari.HikariDataSource - HikariPool-1 - Starting...
2023-02-05 21:02:59.555 [INFO] com.zaxxer.hikari.HikariDataSource - HikariPool-1 - Start completed.
2023-02-05 21:02:59.563 [INFO] org.hibernate.dialect.Dialect - HHH000400: Using dialect: org.hibernate.dialect.MySQL57Dialect
2023-02-05 21:03:00.017 [INFO] org.hibernate.engine.transaction.jta.platform.internal.JtaPlatformInitiator - HHH000490: Using JtaPlatform implementation: [org.hibernate.engine.transaction.jta.platform.internal.NoJtaPlatform]
2023-02-05 21:03:00.024 [INFO] org.springframework.orm.jpa.AbstractEntityManagerFactoryBean - Initialized JPA EntityManagerFactory for persistence unit 'default'
2023-02-05 21:03:00.612 [INFO] org.springframework.security.web.DefaultSecurityFilterChain - Will secure any request with [org.springframework.security.web.session.DisableEncodeUrlFilter@3b7dd173, org.springframework.security.web.context.request.async.WebAsyncManagerIntegrationFilter@7552f05b, org.springframework.security.web.context.SecurityContextPersistenceFilter@241abc2, org.springframework.security.web.header.HeaderWriterFilter@36dc6b9, org.springframework.web.filter.CorsFilter@524418a2, org.springframework.security.web.authentication.logout.LogoutFilter@237bdbcb, org.springframework.security.oauth2.client.web.OAuth2AuthorizationRequestRedirectFilter@209d0037, org.springframework.security.oauth2.client.web.OAuth2LoginAuthenticationFilter@22f0e329, org.springframework.security.web.authentication.ui.DefaultLoginPageGeneratingFilter@7db70494, org.springframework.security.web.authentication.ui.DefaultLogoutPageGeneratingFilter@322593ed, org.springframework.security.web.savedrequest.RequestCacheAwareFilter@11678469, org.springframework.security.web.servletapi.SecurityContextHolderAwareRequestFilter@395115ac, org.springframework.security.web.authentication.AnonymousAuthenticationFilter@67062a93, org.springframework.security.web.session.SessionManagementFilter@3c981f76, org.springframework.security.web.access.ExceptionTranslationFilter@315365ef, org.springframework.security.web.access.intercept.FilterSecurityInterceptor@38ae69f7]
2023-02-05 21:03:00.804 [INFO] org.apache.juli.logging.DirectJDKLog - Starting ProtocolHandler ["http-nio-8000"]
2023-02-05 21:03:00.819 [INFO] org.springframework.boot.web.embedded.tomcat.TomcatWebServer - Tomcat started on port(s): 8000 (http) with context path ''
2023-02-05 21:03:00.826 [INFO] org.springframework.boot.StartupInfoLogger - Started BackendApplication in 3.118 seconds (JVM running for 3.769)
2023-02-05 21:03:31.579 [INFO] org.springframework.orm.jpa.AbstractEntityManagerFactoryBean - Closing JPA EntityManagerFactory for persistence unit 'default'
2023-02-05 21:03:31.580 [INFO] com.zaxxer.hikari.HikariDataSource - HikariPool-1 - Shutdown initiated...
2023-02-05 21:03:31.586 [INFO] com.zaxxer.hikari.HikariDataSource - HikariPool-1 - Shutdown completed.
