[INFO ] 2023-02-05 06:06:11.220 [background-preinit][Version.java] Version - HV000001: Hibernate Validator 6.2.5.Final
[INFO ] 2023-02-05 06:06:11.241 [main][StartupInfoLogger.java] BackendApplication - Starting BackendApplication using Java 17.0.2 on Desktop with PID 31012 (C:\Users\san06\Desktop\Repository\Whiteblue\backend\build\classes\java\main started by san06 in C:\Users\san06\Desktop\Repository\Whiteblue\backend)
[INFO ] 2023-02-05 06:06:11.244 [main][SpringApplication.java] BackendApplication - The following 2 profiles are active: "jdbc", "oAuth"
[INFO ] 2023-02-05 06:06:11.777 [main][RepositoryConfigurationDelegate.java] RepositoryConfigurationDelegate - Bootstrapping Spring Data JPA repositories in DEFAULT mode.
[INFO ] 2023-02-05 06:06:11.818 [main][RepositoryConfigurationDelegate.java] RepositoryConfigurationDelegate - Finished Spring Data repository scanning in 36 ms. Found 3 JPA repository interfaces.
[INFO ] 2023-02-05 06:06:12.137 [main][TomcatWebServer.java] TomcatWebServer - Tomcat initialized with port(s): 8000 (http)
[INFO ] 2023-02-05 06:06:12.147 [main][DirectJDKLog.java] Http11NioProtocol - Initializing ProtocolHandler ["http-nio-8000"]
[INFO ] 2023-02-05 06:06:12.147 [main][DirectJDKLog.java] StandardService - Starting service [Tomcat]
[INFO ] 2023-02-05 06:06:12.147 [main][DirectJDKLog.java] StandardEngine - Starting Servlet engine: [Apache Tomcat/9.0.68]
[INFO ] 2023-02-05 06:06:12.232 [main][DirectJDKLog.java] [/] - Initializing Spring embedded WebApplicationContext
[INFO ] 2023-02-05 06:06:12.232 [main][ServletWebServerApplicationContext.java] ServletWebServerApplicationContext - Root WebApplicationContext: initialization completed in 957 ms
[INFO ] 2023-02-05 06:06:12.324 [main][LogHelper.java] LogHelper - HHH000204: Processing PersistenceUnitInfo [name: default]
[INFO ] 2023-02-05 06:06:12.348 [main][Version.java] Version - HHH000412: Hibernate ORM core version 5.6.12.Final
[INFO ] 2023-02-05 06:06:12.425 [main][JavaReflectionManager.java] Version - HCANN000001: Hibernate Commons Annotations {5.1.2.Final}
[INFO ] 2023-02-05 06:06:12.479 [main][HikariDataSource.java] HikariDataSource - HikariPool-1 - Starting...
[INFO ] 2023-02-05 06:06:12.679 [main][HikariDataSource.java] HikariDataSource - HikariPool-1 - Start completed.
[INFO ] 2023-02-05 06:06:12.687 [main][Dialect.java] Dialect - HHH000400: Using dialect: org.hibernate.dialect.MySQL57Dialect
[INFO ] 2023-02-05 06:06:13.223 [main][JtaPlatformInitiator.java] JtaPlatformInitiator - HHH000490: Using JtaPlatform implementation: [org.hibernate.engine.transaction.jta.platform.internal.NoJtaPlatform]
[INFO ] 2023-02-05 06:06:13.229 [main][AbstractEntityManagerFactoryBean.java] LocalContainerEntityManagerFactoryBean - Initialized JPA EntityManagerFactory for persistence unit 'default'
[INFO ] 2023-02-05 06:06:13.724 [main][DefaultSecurityFilterChain.java] DefaultSecurityFilterChain - Will secure any request with [org.springframework.security.web.session.DisableEncodeUrlFilter@1ee126de, org.springframework.security.web.context.request.async.WebAsyncManagerIntegrationFilter@22cce199, org.springframework.security.web.context.SecurityContextPersistenceFilter@7f08c343, org.springframework.security.web.header.HeaderWriterFilter@2a15bbf3, org.springframework.web.filter.CorsFilter@14b4b25e, org.springframework.security.web.authentication.logout.LogoutFilter@ab2e887, org.springframework.security.oauth2.client.web.OAuth2AuthorizationRequestRedirectFilter@4dc16fc9, org.springframework.security.oauth2.client.web.OAuth2LoginAuthenticationFilter@1028a747, org.springframework.security.web.authentication.ui.DefaultLoginPageGeneratingFilter@3e0e3048, org.springframework.security.web.authentication.ui.DefaultLogoutPageGeneratingFilter@4babe06f, org.springframework.security.web.savedrequest.RequestCacheAwareFilter@6eeeb9da, org.springframework.security.web.servletapi.SecurityContextHolderAwareRequestFilter@17635531, org.springframework.security.web.authentication.AnonymousAuthenticationFilter@5c6be812, org.springframework.security.web.session.SessionManagementFilter@5b4b6f3b, org.springframework.security.web.access.ExceptionTranslationFilter@147c4523, org.springframework.security.web.access.intercept.FilterSecurityInterceptor@6b64921f]
[INFO ] 2023-02-05 06:06:13.864 [main][DirectJDKLog.java] Http11NioProtocol - Starting ProtocolHandler ["http-nio-8000"]
[INFO ] 2023-02-05 06:06:13.874 [main][TomcatWebServer.java] TomcatWebServer - Tomcat started on port(s): 8000 (http) with context path ''
[INFO ] 2023-02-05 06:06:13.881 [main][StartupInfoLogger.java] BackendApplication - Started BackendApplication in 2.876 seconds (JVM running for 3.72)
[INFO ] 2023-02-05 06:06:22.777 [SpringApplicationShutdownHook][AbstractEntityManagerFactoryBean.java] LocalContainerEntityManagerFactoryBean - Closing JPA EntityManagerFactory for persistence unit 'default'
[INFO ] 2023-02-05 06:06:22.778 [SpringApplicationShutdownHook][HikariDataSource.java] HikariDataSource - HikariPool-1 - Shutdown initiated...
[INFO ] 2023-02-05 06:06:22.783 [SpringApplicationShutdownHook][HikariDataSource.java] HikariDataSource - HikariPool-1 - Shutdown completed.
